{
  "stats": {
    "suites": 1,
    "tests": 2,
    "passes": 2,
    "pending": 0,
    "failures": 0,
    "start": "2022-10-28T19:37:13.529Z",
    "end": "2022-10-28T19:43:37.214Z",
    "duration": 383685,
    "testsRegistered": 2,
    "passPercent": 100,
    "pendingPercent": 0,
    "other": 0,
    "hasOther": false,
    "skipped": 0,
    "hasSkipped": false
  },
  "results": [
    {
      "uuid": "550fc39b-1fde-4282-8aa8-0cf541f5af10",
      "title": "",
      "fullFile": "cypress\\e2e\\endereco.cy.js",
      "file": "cypress\\e2e\\endereco.cy.js",
      "beforeHooks": [],
      "afterHooks": [],
      "tests": [],
      "suites": [
        {
          "uuid": "b84a406f-8b54-4f70-8901-057da68405e9",
          "title": "Funcionalidade Enderecos - Faturamento e Entrega",
          "fullFile": "",
          "file": "",
          "beforeHooks": [],
          "afterHooks": [],
          "tests": [
            {
              "title": "Deve fazer o cadastro de faturamento com sucesso",
              "fullTitle": "Funcionalidade Enderecos - Faturamento e Entrega Deve fazer o cadastro de faturamento com sucesso",
              "timedOut": null,
              "duration": 220538,
              "state": "passed",
              "speed": "slow",
              "pass": true,
              "fail": false,
              "pending": false,
              "context": null,
              "code": "_endereco.default.editarEnderecoFaturamento('Gus', 'Souza', 'Shopee', 'Brasil', 'Antonio Rodrigues Fulcato 64', 'Casa', 'Guarulhos', 'São Paulo', '08400000', '11986200000', 'gustavo_tech@qualidade.com');\ncy.get('.woocommerce-message').should('contain', 'Endereço alterado com sucesso.');",
              "err": {},
              "uuid": "4e62a9b4-46ce-4215-9982-1d5ba85477ed",
              "parentUUID": "b84a406f-8b54-4f70-8901-057da68405e9",
              "isHook": false,
              "skipped": false
            },
            {
              "title": "Deve fazer o cadastro de faturamento - Usando arquivo de dados",
              "fullTitle": "Funcionalidade Enderecos - Faturamento e Entrega Deve fazer o cadastro de faturamento - Usando arquivo de dados",
              "timedOut": null,
              "duration": 159915,
              "state": "passed",
              "speed": "slow",
              "pass": true,
              "fail": false,
              "pending": false,
              "context": null,
              "code": "_endereco.default.editarEnderecoFaturamento(dadosEndereco[1].nome, dadosEndereco[1].sobrenome, dadosEndereco[1].empresa, dadosEndereco[1].pais, dadosEndereco[1].endereço, dadosEndereco[1].complemento, dadosEndereco[1].cidade, dadosEndereco[1].estado, dadosEndereco[1].cep, dadosEndereco[1].telefone, dadosEndereco[1].email);\ncy.get('.woocommerce-message').should('contain', 'Endereço alterado com sucesso.');",
              "err": {},
              "uuid": "1543d2c6-d1da-4c1f-bbaa-f47847207bd2",
              "parentUUID": "b84a406f-8b54-4f70-8901-057da68405e9",
              "isHook": false,
              "skipped": false
            }
          ],
          "suites": [],
          "passes": [
            "4e62a9b4-46ce-4215-9982-1d5ba85477ed",
            "1543d2c6-d1da-4c1f-bbaa-f47847207bd2"
          ],
          "failures": [],
          "pending": [],
          "skipped": [],
          "duration": 380453,
          "root": false,
          "rootEmpty": false,
          "_timeout": 2000
        }
      ],
      "passes": [],
      "failures": [],
      "pending": [],
      "skipped": [],
      "duration": 0,
      "root": true,
      "rootEmpty": true,
      "_timeout": 2000
    }
  ],
  "meta": {
    "mocha": {
      "version": "7.0.1"
    },
    "mochawesome": {
      "options": {
        "quiet": false,
        "reportFilename": "mochawesome",
        "saveHtml": true,
        "saveJson": true,
        "consoleReporter": "spec",
        "useInlineDiffs": false,
        "code": true
      },
      "version": "7.1.3"
    },
    "marge": {
      "options": {
        "reportDir": "cypress/results",
        "overwrite": false,
        "html": true,
        "json": true
      },
      "version": "6.2.0"
    }
  }
}